<?xml version="1.0" encoding="UTF-8"?>
<testsuites>
	<testsuite errors="0" failures="0" file=".py" name="TaskTest-20191215171608" skipped="0" tests="1" time="1.011" timestamp="2019-12-15T17:16:09">
		<testcase classname="TaskTest" file="app_task\extend\task_run.py" line="15" name="test_file_data_json_dict_dict_00001_测试POST接口_data_update" time="1.011" timestamp="2019-12-15T17:16:09">
			<system-out>
<![CDATA[]]>			</system-out>
			<system-err>
<![CDATA[]]>			</system-err>
		</testcase>
	</testsuite>
</testsuites>
